<?xml version="1.0" encoding="UTF-8"?>
<!-- Generated by org.testng.reporters.JUnitReportReporter -->
<testsuite hostname="DESKTOP-QESGB3I" failures="0" tests="1" name="HealthCureOptions.TestngRunner" time="21.433" errors="0" timestamp="2024-08-18T12:25:08 IST" skipped="0">
  <testcase classname="HealthCureOptions.TestngRunner" name="runScenario" time="21.433"/>
</testsuite> <!-- HealthCureOptions.TestngRunner -->
